<?xml version="1.0" encoding="UTF-8"?>
<testsuite name="com.manning.gia.todo.web.ToDoControllerIntegrationTest" tests="7" skipped="0" failures="0" errors="0" timestamp="2018-04-06T06:31:06" hostname="DELC02QQ5RPG8WN.sea.corp.expecn.com" time="0.114">
  <properties/>
  <testcase name="testCanDeleteItemIfFound" classname="com.manning.gia.todo.web.ToDoControllerIntegrationTest" time="0.08"/>
  <testcase name="testCanGetAllItems" classname="com.manning.gia.todo.web.ToDoControllerIntegrationTest" time="0.011"/>
  <testcase name="testCanToggleStatusForItemIfFound" classname="com.manning.gia.todo.web.ToDoControllerIntegrationTest" time="0.004"/>
  <testcase name="testCanInsertItem" classname="com.manning.gia.todo.web.ToDoControllerIntegrationTest" time="0.003"/>
  <testcase name="testIndexRedirectsToListPage" classname="com.manning.gia.todo.web.ToDoControllerIntegrationTest" time="0.003"/>
  <testcase name="testIgnoresDeleteIfItemNotFound" classname="com.manning.gia.todo.web.ToDoControllerIntegrationTest" time="0.003"/>
  <testcase name="testIgnoresToggleStatusIfItemNotFound" classname="com.manning.gia.todo.web.ToDoControllerIntegrationTest" time="0.003"/>
  <system-out><![CDATA[2018-04-06 12:01:05.175  INFO 49404 --- [    Test worker] .b.t.a.w.s.WebMvcTestContextBootstrapper : Neither @ContextConfiguration nor @ContextHierarchy found for test class [com.manning.gia.todo.web.ToDoControllerIntegrationTest], using SpringBootContextLoader
2018-04-06 12:01:05.176  INFO 49404 --- [    Test worker] o.s.t.c.support.AbstractContextLoader    : Could not detect default resource locations for test class [com.manning.gia.todo.web.ToDoControllerIntegrationTest]: no resource found for suffixes {-context.xml, Context.groovy}.
2018-04-06 12:01:05.176  INFO 49404 --- [    Test worker] t.c.s.AnnotationConfigContextLoaderUtils : Could not detect default configuration classes for test class [com.manning.gia.todo.web.ToDoControllerIntegrationTest]: ToDoControllerIntegrationTest does not declare any static, non-private, non-final, nested classes annotated with @Configuration.
2018-04-06 12:01:05.202  INFO 49404 --- [    Test worker] .b.t.c.SpringBootTestContextBootstrapper : Found @SpringBootConfiguration com.manning.gia.todo.Application for test class com.manning.gia.todo.web.ToDoControllerIntegrationTest
2018-04-06 12:01:05.205  INFO 49404 --- [    Test worker] .b.t.a.w.s.WebMvcTestContextBootstrapper : Loaded default TestExecutionListener class names from location [META-INF/spring.factories]: [org.springframework.boot.test.autoconfigure.restdocs.RestDocsTestExecutionListener, org.springframework.boot.test.autoconfigure.web.client.MockRestServiceServerResetTestExecutionListener, org.springframework.boot.test.autoconfigure.web.servlet.MockMvcPrintOnlyOnFailureTestExecutionListener, org.springframework.boot.test.autoconfigure.web.servlet.WebDriverTestExecutionListener, org.springframework.boot.test.mock.mockito.MockitoTestExecutionListener, org.springframework.boot.test.mock.mockito.ResetMocksTestExecutionListener, org.springframework.test.context.web.ServletTestExecutionListener, org.springframework.test.context.support.DirtiesContextBeforeModesTestExecutionListener, org.springframework.test.context.support.DependencyInjectionTestExecutionListener, org.springframework.test.context.support.DirtiesContextTestExecutionListener, org.springframework.test.context.transaction.TransactionalTestExecutionListener, org.springframework.test.context.jdbc.SqlScriptsTestExecutionListener]
2018-04-06 12:01:05.207  INFO 49404 --- [    Test worker] .b.t.a.w.s.WebMvcTestContextBootstrapper : Using TestExecutionListeners: [org.springframework.test.context.web.ServletTestExecutionListener@15560e99, org.springframework.test.context.support.DirtiesContextBeforeModesTestExecutionListener@d522438, org.springframework.boot.test.autoconfigure.SpringBootDependencyInjectionTestExecutionListener@3ca2f728, org.springframework.test.context.support.DirtiesContextTestExecutionListener@43f4a590, org.springframework.test.context.transaction.TransactionalTestExecutionListener@66f349b1, org.springframework.test.context.jdbc.SqlScriptsTestExecutionListener@7a1cd2b3, org.springframework.boot.test.autoconfigure.restdocs.RestDocsTestExecutionListener@51ac616f, org.springframework.boot.test.mock.mockito.MockitoTestExecutionListener@379296ef, org.springframework.boot.test.autoconfigure.web.servlet.MockMvcPrintOnlyOnFailureTestExecutionListener@4bd0ff6d, org.springframework.boot.test.autoconfigure.web.client.MockRestServiceServerResetTestExecutionListener@574535ee, org.springframework.boot.test.mock.mockito.ResetMocksTestExecutionListener@65d08170, org.springframework.boot.test.autoconfigure.web.servlet.WebDriverTestExecutionListener@46d646cb]

  .   ____          _            __ _ _
 /\\ / ___'_ __ _ _(_)_ __  __ _ \ \ \ \
( ( )\___ | '_ | '_| | '_ \/ _` | \ \ \ \
 \\/  ___)| |_)| | | | | || (_| |  ) ) ) )
  '  |____| .__|_| |_|_| |_\__, | / / / /
 =========|_|==============|___/=/_/_/_/
 :: Spring Boot ::        (v1.5.6.RELEASE)

2018-04-06 12:01:05.273  INFO 49404 --- [    Test worker] c.m.g.t.w.ToDoControllerIntegrationTest  : Starting ToDoControllerIntegrationTest on DELC02QQ5RPG8WN.sea.corp.expecn.com with PID 49404 (started by abhadauria in /Users/abhadauria/todo-spring-boot)
2018-04-06 12:01:05.273  INFO 49404 --- [    Test worker] c.m.g.t.w.ToDoControllerIntegrationTest  : No active profile set, falling back to default profiles: default
2018-04-06 12:01:05.276  INFO 49404 --- [    Test worker] o.s.w.c.s.GenericWebApplicationContext   : Refreshing org.springframework.web.context.support.GenericWebApplicationContext@5e784bc7: startup date [Fri Apr 06 12:01:05 IST 2018]; root of context hierarchy
2018-04-06 12:01:05.924  INFO 49404 --- [    Test worker] s.w.s.m.m.a.RequestMappingHandlerAdapter : Looking for @ControllerAdvice: org.springframework.web.context.support.GenericWebApplicationContext@5e784bc7: startup date [Fri Apr 06 12:01:05 IST 2018]; root of context hierarchy
2018-04-06 12:01:05.979  INFO 49404 --- [    Test worker] s.w.s.m.m.a.RequestMappingHandlerMapping : Mapped "{[/]}" onto public java.lang.String com.manning.gia.todo.web.ToDoController.index()
2018-04-06 12:01:05.980  INFO 49404 --- [    Test worker] s.w.s.m.m.a.RequestMappingHandlerMapping : Mapped "{[/all],methods=[GET]}" onto public java.lang.String com.manning.gia.todo.web.ToDoController.allItems(org.springframework.ui.Model)
2018-04-06 12:01:05.980  INFO 49404 --- [    Test worker] s.w.s.m.m.a.RequestMappingHandlerMapping : Mapped "{[/insert],methods=[POST]}" onto public java.lang.String com.manning.gia.todo.web.ToDoController.insertItem(java.lang.String,java.lang.String)
2018-04-06 12:01:05.981  INFO 49404 --- [    Test worker] s.w.s.m.m.a.RequestMappingHandlerMapping : Mapped "{[/delete],methods=[POST]}" onto public java.lang.String com.manning.gia.todo.web.ToDoController.deleteItem(java.lang.Long,java.lang.String)
2018-04-06 12:01:05.981  INFO 49404 --- [    Test worker] s.w.s.m.m.a.RequestMappingHandlerMapping : Mapped "{[/toggleStatus],methods=[POST]}" onto public java.lang.String com.manning.gia.todo.web.ToDoController.toggleStatus(java.lang.Long,java.lang.Boolean,java.lang.String)
2018-04-06 12:01:05.982  INFO 49404 --- [    Test worker] s.w.s.m.m.a.RequestMappingHandlerMapping : Mapped "{[/error]}" onto public org.springframework.http.ResponseEntity<java.util.Map<java.lang.String, java.lang.Object>> org.springframework.boot.autoconfigure.web.BasicErrorController.error(javax.servlet.http.HttpServletRequest)
2018-04-06 12:01:05.982  INFO 49404 --- [    Test worker] s.w.s.m.m.a.RequestMappingHandlerMapping : Mapped "{[/error],produces=[text/html]}" onto public org.springframework.web.servlet.ModelAndView org.springframework.boot.autoconfigure.web.BasicErrorController.errorHtml(javax.servlet.http.HttpServletRequest,javax.servlet.http.HttpServletResponse)
2018-04-06 12:01:06.005  INFO 49404 --- [    Test worker] o.s.w.s.handler.SimpleUrlHandlerMapping  : Mapped URL path [/webjars/**] onto handler of type [class org.springframework.web.servlet.resource.ResourceHttpRequestHandler]
2018-04-06 12:01:06.006  INFO 49404 --- [    Test worker] o.s.w.s.handler.SimpleUrlHandlerMapping  : Mapped URL path [/**] onto handler of type [class org.springframework.web.servlet.resource.ResourceHttpRequestHandler]
2018-04-06 12:01:06.039  INFO 49404 --- [    Test worker] o.s.w.s.handler.SimpleUrlHandlerMapping  : Mapped URL path [/**/favicon.ico] onto handler of type [class org.springframework.web.servlet.resource.ResourceHttpRequestHandler]
2018-04-06 12:01:06.122  INFO 49404 --- [    Test worker] o.s.b.t.m.w.SpringBootMockServletContext : Initializing Spring FrameworkServlet ''
2018-04-06 12:01:06.122  INFO 49404 --- [    Test worker] o.s.t.web.servlet.TestDispatcherServlet  : FrameworkServlet '': initialization started
2018-04-06 12:01:06.134  INFO 49404 --- [    Test worker] o.s.t.web.servlet.TestDispatcherServlet  : FrameworkServlet '': initialization completed in 12 ms
2018-04-06 12:01:06.192  INFO 49404 --- [    Test worker] c.m.g.t.w.ToDoControllerIntegrationTest  : Started ToDoControllerIntegrationTest in 0.973 seconds (JVM running for 4.492)
]]></system-out>
  <system-err><![CDATA[]]></system-err>
</testsuite>
