<?xml version="1.0" encoding="UTF-8"?>
<testsuite name="com.manning.gia.todo.model.ToDoItemTest" tests="2" skipped="0" failures="0" errors="0" timestamp="2018-04-06T06:31:00" hostname="DELC02QQ5RPG8WN.sea.corp.expecn.com" time="0.002">
  <properties/>
  <testcase name="testCanCompare" classname="com.manning.gia.todo.model.ToDoItemTest" time="0.001"/>
  <testcase name="testStringRepresentation" classname="com.manning.gia.todo.model.ToDoItemTest" time="0.0"/>
  <system-out><![CDATA[]]></system-out>
  <system-err><![CDATA[]]></system-err>
</testsuite>
